2026-01-04 08:00:01 | INFO | Maschine CNC-42 gestartet
2026-01-04 08:00:15 | INFO | Spindel initialisiert - Max. Drehzahl: 6000 U/min
2026-01-04 08:00:22 | INFO | Werkzeugmagazin überprüft - 24 Werkzeuge verfügbar
2026-01-04 08:01:05 | INFO | NC-Programm geladen: TEIL_2024_001.nc
2026-01-04 08:01:30 | INFO | Bearbeitung gestartet
2026-01-04 08:02:15 | WARNING | Spindel-Temperatur erhöht: 78°C
2026-01-04 08:03:42 | INFO | Werkzeugwechsel: T05 -> T12
2026-01-04 08:05:18 | WARNING | Kühlmitteldruck niedrig: 3.2 bar
2026-01-04 08:07:35 | ALARM | Spindel-Überlast erkannt - Drehmoment: 145 Nm
2026-01-04 08:07:36 | INFO | Vorschub reduziert auf 80%
2026-01-04 08:07:45 | INFO | Spindel-Überlast behoben
2026-01-04 08:09:22 | INFO | Werkzeugwechsel: T12 -> T08
2026-01-04 08:11:05 | ERROR | Werkzeug-Sensor T08 defekt - keine Längenmessung
2026-01-04 08:11:15 | WARNING | Werkzeug T08 manuell vermessen
2026-01-04 08:12:40 | INFO | Bearbeitung fortgesetzt
2026-01-04 08:15:30 | INFO | Qualitätsprüfung: Durchmesser Ø20h7 = 19.995 mm (i.O.)
2026-01-04 08:16:18 | WARNING | Verschleiß Werkzeug T08 erhöht - Standzeit: 85%
2026-01-04 08:18:45 | INFO | Werkzeugwechsel: T08 -> T20
2026-01-04 08:20:12 | ALARM | Achse X-Position Fehler - Abweichung: 0.15 mm
2026-01-04 08:20:13 | ERROR | Referenzfahrt X-Achse erforderlich
2026-01-04 08:20:25 | INFO | Referenzfahrt X-Achse durchgeführt
2026-01-04 08:20:35 | INFO | Bearbeitung fortgesetzt
2026-01-04 08:23:50 | WARNING | Spindeltemperatur: 82°C
2026-01-04 08:25:15 | INFO | Kühlmittel nachgefüllt - Füllstand: 95%
2026-01-04 08:27:40 | INFO | Teilefertigung abgeschlossen
2026-01-04 08:28:05 | INFO | Qualitätsprüfung: Alle Maße i.O.
2026-01-04 08:28:30 | INFO | Werkstück entnommen
2026-01-04 08:29:00 | INFO | NC-Programm geladen: TEIL_2024_002.nc
2026-01-04 08:29:25 | INFO | Bearbeitung gestartet
2026-01-04 08:31:18 | WARNING | Vibration Y-Achse erhöht: 8.5 m/s²
2026-01-04 08:33:42 | INFO | Werkzeugwechsel: T20 -> T05
2026-01-04 08:35:55 | ALARM | Kühlmitteldruck kritisch: 1.8 bar
2026-01-04 08:35:56 | ERROR | Kühlmittelpumpe Fehler - Code E402
2026-01-04 08:36:10 | ALARM | Bearbeitung abgebrochen - Kühlmittelversorgung unterbrochen
2026-01-04 08:36:30 | WARNING | Automatischer Maschinenstopp
2026-01-04 08:45:15 | INFO | Kühlmittelpumpe repariert
2026-01-04 08:45:40 | INFO | Kühlmitteldruck wiederhergestellt: 4.5 bar
2026-01-04 08:46:00 | INFO | Maschine neu gestartet
2026-01-04 08:46:25 | INFO | Referenzfahrt alle Achsen durchgeführt
2026-01-04 08:47:10 | INFO | NC-Programm neu geladen: TEIL_2024_002.nc
2026-01-04 08:47:35 | INFO | Bearbeitung gestartet
2026-01-04 08:50:20 | INFO | Werkzeugwechsel: T05 -> T12
2026-01-04 08:52:45 | WARNING | Werkzeug T12 Standzeit erreicht: 100%
2026-01-04 08:53:00 | INFO | Werkzeug T12 gewechselt (Verschleiß)
2026-01-04 08:55:30 | INFO | Qualitätsprüfung: Durchmesser Ø25h6 = 24.998 mm (i.O.)
2026-01-04 08:57:15 | INFO | Teilefertigung abgeschlossen
2026-01-04 08:57:40 | INFO | Werkstück entnommen
2026-01-04 08:58:00 | WARNING | Spänebehälter 75% voll
2026-01-04 08:58:30 | INFO | Schichtende - Maschine bereit für nächste Schicht
2026-01-04 09:00:00 | INFO | Automatischer Bereitschaftsmodus aktiviert
2026-01-04 09:00:15 | INFO | Spindel gestoppt
2026-01-04 09:00:20 | INFO | Kühlmittel gestoppt
2026-01-04 09:00:25 | INFO | Log-Datei geschlossen - Betriebszeit: 1h 0min
